app/src/build/intermediates/manifest_merge_blame_file/release/manifest-merger-blame-release-report.txt
1<?xml version="1.0" encoding="utf-8"?>
2<manifest xmlns:android="http://schemas.android.com/apk/res/android"
3    package="pmd.di.ubi.pt.projectofinal"
4    android:versionCode="1"
5    android:versionName="1.0" >
6
7    <uses-sdk
8        android:minSdkVersion="28"
8-->src/main/AndroidManifest.xml
9        android:targetSdkVersion="29" />
9-->src/main/AndroidManifest.xml
10
11    <uses-permission android:name="android.permission.INTERNET" /> <!-- Although the *SdkVersion is captured in gradle build files, this is required for non gradle builds -->
11-->[com.firebaseui:firebase-ui-database:6.1.0] AndroidManifest.xml:11:5-67
11-->[com.firebaseui:firebase-ui-database:6.1.0] AndroidManifest.xml:11:22-64
12    <!-- <uses-sdk android:minSdkVersion="14"/> -->
13    <uses-permission android:name="android.permission.ACCESS_NETWORK_STATE" />
13-->[com.google.firebase:firebase-database:19.2.1] AndroidManifest.xml:25:5-79
13-->[com.google.firebase:firebase-database:19.2.1] AndroidManifest.xml:25:22-76
14    <uses-permission android:name="android.permission.WAKE_LOCK" />
14-->[com.google.android.gms:play-services-measurement:17.2.3] AndroidManifest.xml:25:5-68
14-->[com.google.android.gms:play-services-measurement:17.2.3] AndroidManifest.xml:25:22-65
15    <uses-permission android:name="com.google.android.finsky.permission.BIND_GET_INSTALL_REFERRER_SERVICE" /> <!-- Required by older versions of Google Play services to create IID tokens -->
15-->[com.google.android.gms:play-services-measurement:17.2.3] AndroidManifest.xml:26:5-110
15-->[com.google.android.gms:play-services-measurement:17.2.3] AndroidManifest.xml:26:22-107
16    <uses-permission android:name="com.google.android.c2dm.permission.RECEIVE" />
16-->[com.google.firebase:firebase-iid:20.1.1] AndroidManifest.xml:26:5-82
16-->[com.google.firebase:firebase-iid:20.1.1] AndroidManifest.xml:26:22-79
17
18    <uses-feature
18-->[com.google.android.gms:play-services-maps:17.0.0] AndroidManifest.xml:26:5-28:35
19        android:glEsVersion="0x00020000"
19-->[com.google.android.gms:play-services-maps:17.0.0] AndroidManifest.xml:27:9-41
20        android:required="true" />
20-->[com.google.android.gms:play-services-maps:17.0.0] AndroidManifest.xml:28:9-32
21
22    <uses-permission android:name="android.permission.CAMERA" />
22-->[io.card:android-sdk:5.5.1] AndroidManifest.xml:9:5-65
22-->[io.card:android-sdk:5.5.1] AndroidManifest.xml:9:22-62
23    <uses-permission android:name="android.permission.VIBRATE" />
23-->[io.card:android-sdk:5.5.1] AndroidManifest.xml:10:5-66
23-->[io.card:android-sdk:5.5.1] AndroidManifest.xml:10:22-63
24
25    <uses-feature
25-->[io.card:android-sdk:5.5.1] AndroidManifest.xml:12:5-14:36
26        android:name="android.hardware.camera"
26-->[io.card:android-sdk:5.5.1] AndroidManifest.xml:13:9-47
27        android:required="false" />
27-->[io.card:android-sdk:5.5.1] AndroidManifest.xml:14:9-33
28    <uses-feature
28-->[io.card:android-sdk:5.5.1] AndroidManifest.xml:15:5-17:36
29        android:name="android.hardware.camera.autofocus"
29-->[io.card:android-sdk:5.5.1] AndroidManifest.xml:16:9-57
30        android:required="false" />
30-->[io.card:android-sdk:5.5.1] AndroidManifest.xml:17:9-33
31
32    <application
32-->src/main/AndroidManifest.xml:5:5-42:19
33        android:allowBackup="true"
33-->src/main/AndroidManifest.xml:6:9-35
34        android:appComponentFactory="androidx.core.app.CoreComponentFactory"
34-->[androidx.core:core:1.3.0-alpha02] AndroidManifest.xml:24:18-86
35        android:extractNativeLibs="false"
36        android:icon="@mipmap/ic_launcher"
36-->src/main/AndroidManifest.xml:7:9-43
37        android:label="@string/app_name"
37-->src/main/AndroidManifest.xml:8:9-41
38        android:roundIcon="@mipmap/ic_launcher_round"
38-->src/main/AndroidManifest.xml:9:9-54
39        android:supportsRtl="true"
39-->src/main/AndroidManifest.xml:10:9-35
40        android:testOnly="true"
41        android:theme="@style/AppTheme" >
41-->src/main/AndroidManifest.xml:11:9-40
42        <activity
42-->src/main/AndroidManifest.xml:12:9-20:20
43            android:name="pmd.di.ubi.pt.projectofinal.ActivityMain"
43-->src/main/AndroidManifest.xml:12:19-47
44            android:theme="@style/AppTheme.NoActionBar" >
44-->src/main/AndroidManifest.xml:13:13-56
45            <intent-filter>
45-->src/main/AndroidManifest.xml:15:13-19:29
46                <action android:name="android.intent.action.MAIN" />
46-->src/main/AndroidManifest.xml:16:17-69
46-->src/main/AndroidManifest.xml:16:25-66
47
48                <category android:name="android.intent.category.LAUNCHER" />
48-->src/main/AndroidManifest.xml:18:17-77
48-->src/main/AndroidManifest.xml:18:27-74
49            </intent-filter>
50        </activity>
51
52        <meta-data
52-->src/main/AndroidManifest.xml:22:9-24:36
53            android:name="com.google.android.gms.wallet.api.enabled"
53-->src/main/AndroidManifest.xml:23:13-69
54            android:value="true" />
54-->src/main/AndroidManifest.xml:24:13-33
55        <meta-data
55-->src/main/AndroidManifest.xml:25:9-27:57
56            android:name="com.google.firebase.messaging.default_notification_icon"
56-->src/main/AndroidManifest.xml:26:13-83
57            android:resource="@drawable/options_icon" />
57-->src/main/AndroidManifest.xml:27:13-54
58        <!--
59 Set color used with incoming notification messages. This is used when no color is set for the incoming
60             notification message. See README(https://goo.gl/6BKBk7) for more.
61        -->
62        <meta-data
62-->src/main/AndroidManifest.xml:32:9-34:53
63            android:name="com.google.firebase.messaging.default_notification_color"
63-->src/main/AndroidManifest.xml:33:13-84
64            android:resource="@color/colorAccent" />
64-->src/main/AndroidManifest.xml:34:13-50
65
66        <service android:name="pmd.di.ubi.pt.projectofinal.MyFirebaseMessagingService" >
66-->src/main/AndroidManifest.xml:36:9-40:19
66-->src/main/AndroidManifest.xml:36:18-60
67            <intent-filter>
67-->src/main/AndroidManifest.xml:37:13-39:29
68                <action android:name="com.google.firebase.MESSAGING_EVENT" />
68-->src/main/AndroidManifest.xml:38:17-78
68-->src/main/AndroidManifest.xml:38:25-75
69            </intent-filter>
70        </service>
71
72        <activity
72-->[com.google.firebase:firebase-auth:19.3.0] AndroidManifest.xml:24:9-31:50
73            android:name="com.google.firebase.auth.internal.FederatedSignInActivity"
73-->[com.google.firebase:firebase-auth:19.3.0] AndroidManifest.xml:25:13-85
74            android:excludeFromRecents="true"
74-->[com.google.firebase:firebase-auth:19.3.0] AndroidManifest.xml:26:13-46
75            android:exported="true"
75-->[com.google.firebase:firebase-auth:19.3.0] AndroidManifest.xml:27:13-36
76            android:launchMode="singleTask"
76-->[com.google.firebase:firebase-auth:19.3.0] AndroidManifest.xml:28:13-44
77            android:permission="com.google.firebase.auth.api.gms.permission.LAUNCH_FEDERATED_SIGN_IN"
77-->[com.google.firebase:firebase-auth:19.3.0] AndroidManifest.xml:29:13-102
78            android:theme="@android:style/Theme.Translucent.NoTitleBar" />
78-->[com.google.firebase:firebase-auth:19.3.0] AndroidManifest.xml:30:13-72
79
80        <service
80-->[com.google.firebase:firebase-auth:19.3.0] AndroidManifest.xml:33:9-39:19
81            android:name="com.google.firebase.components.ComponentDiscoveryService"
81-->[com.google.firebase:firebase-auth:19.3.0] AndroidManifest.xml:34:13-84
82            android:directBootAware="true"
82-->[com.google.firebase:firebase-common:19.3.0] AndroidManifest.xml:34:13-43
83            android:exported="false" >
83-->[com.google.firebase:firebase-auth:19.3.0] AndroidManifest.xml:35:13-37
84            <meta-data
84-->[com.google.firebase:firebase-auth:19.3.0] AndroidManifest.xml:36:13-38:85
85                android:name="com.google.firebase.components:com.google.firebase.auth.FirebaseAuthRegistrar"
85-->[com.google.firebase:firebase-auth:19.3.0] AndroidManifest.xml:37:17-109
86                android:value="com.google.firebase.components.ComponentRegistrar" />
86-->[com.google.firebase:firebase-auth:19.3.0] AndroidManifest.xml:38:17-82
87            <meta-data
87-->[com.google.firebase:firebase-functions:19.0.2] AndroidManifest.xml:18:13-20:85
88                android:name="com.google.firebase.components:com.google.firebase.functions.FunctionsRegistrar"
88-->[com.google.firebase:firebase-functions:19.0.2] AndroidManifest.xml:19:17-111
89                android:value="com.google.firebase.components.ComponentRegistrar" />
89-->[com.google.firebase:firebase-functions:19.0.2] AndroidManifest.xml:20:17-82
90            <meta-data
90-->[com.google.firebase:firebase-database:19.2.1] AndroidManifest.xml:32:13-34:85
91                android:name="com.google.firebase.components:com.google.firebase.database.DatabaseRegistrar"
91-->[com.google.firebase:firebase-database:19.2.1] AndroidManifest.xml:33:17-109
92                android:value="com.google.firebase.components.ComponentRegistrar" />
92-->[com.google.firebase:firebase-database:19.2.1] AndroidManifest.xml:34:17-82
93            <meta-data
93-->[com.google.firebase:firebase-firestore:21.4.1] AndroidManifest.xml:20:13-22:85
94                android:name="com.google.firebase.components:com.google.firebase.firestore.FirestoreRegistrar"
94-->[com.google.firebase:firebase-firestore:21.4.1] AndroidManifest.xml:21:17-111
95                android:value="com.google.firebase.components.ComponentRegistrar" />
95-->[com.google.firebase:firebase-firestore:21.4.1] AndroidManifest.xml:22:17-82
96            <meta-data
96-->[com.google.firebase:firebase-storage:19.1.1] AndroidManifest.xml:33:13-35:85
97                android:name="com.google.firebase.components:com.google.firebase.storage.StorageRegistrar"
97-->[com.google.firebase:firebase-storage:19.1.1] AndroidManifest.xml:34:17-107
98                android:value="com.google.firebase.components.ComponentRegistrar" />
98-->[com.google.firebase:firebase-storage:19.1.1] AndroidManifest.xml:35:17-82
99            <meta-data
99-->[com.google.firebase:firebase-messaging:20.1.2] AndroidManifest.xml:38:13-40:85
100                android:name="com.google.firebase.components:com.google.firebase.messaging.FirebaseMessagingRegistrar"
100-->[com.google.firebase:firebase-messaging:20.1.2] AndroidManifest.xml:39:17-119
101                android:value="com.google.firebase.components.ComponentRegistrar" />
101-->[com.google.firebase:firebase-messaging:20.1.2] AndroidManifest.xml:40:17-82
102            <meta-data
102-->[com.google.android.gms:play-services-measurement-api:17.2.3] AndroidManifest.xml:30:13-32:85
103                android:name="com.google.firebase.components:com.google.firebase.analytics.connector.internal.AnalyticsConnectorRegistrar"
103-->[com.google.android.gms:play-services-measurement-api:17.2.3] AndroidManifest.xml:31:17-139
104                android:value="com.google.firebase.components.ComponentRegistrar" />
104-->[com.google.android.gms:play-services-measurement-api:17.2.3] AndroidManifest.xml:32:17-82
105            <meta-data
105-->[com.google.firebase:firebase-iid:20.1.1] AndroidManifest.xml:32:13-34:85
106                android:name="com.google.firebase.components:com.google.firebase.iid.Registrar"
106-->[com.google.firebase:firebase-iid:20.1.1] AndroidManifest.xml:33:17-96
107                android:value="com.google.firebase.components.ComponentRegistrar" />
107-->[com.google.firebase:firebase-iid:20.1.1] AndroidManifest.xml:34:17-82
108            <meta-data
108-->[com.google.firebase:firebase-datatransport:17.0.3] AndroidManifest.xml:28:13-30:85
109                android:name="com.google.firebase.components:com.google.firebase.datatransport.TransportRegistrar"
109-->[com.google.firebase:firebase-datatransport:17.0.3] AndroidManifest.xml:29:17-115
110                android:value="com.google.firebase.components.ComponentRegistrar" />
110-->[com.google.firebase:firebase-datatransport:17.0.3] AndroidManifest.xml:30:17-82
111            <meta-data
111-->[com.google.firebase:firebase-installations:16.0.0] AndroidManifest.xml:17:13-19:85
112                android:name="com.google.firebase.components:com.google.firebase.installations.FirebaseInstallationsRegistrar"
112-->[com.google.firebase:firebase-installations:16.0.0] AndroidManifest.xml:18:17-127
113                android:value="com.google.firebase.components.ComponentRegistrar" />
113-->[com.google.firebase:firebase-installations:16.0.0] AndroidManifest.xml:19:17-82
114        </service>
115
116        <activity android:name="com.paypal.android.sdk.payments.PaymentActivity" />
116-->[com.paypal.sdk:paypal-android-sdk:2.16.0] AndroidManifest.xml:13:9-84
116-->[com.paypal.sdk:paypal-android-sdk:2.16.0] AndroidManifest.xml:13:19-81
117        <activity android:name="com.paypal.android.sdk.payments.PaymentMethodActivity" />
117-->[com.paypal.sdk:paypal-android-sdk:2.16.0] AndroidManifest.xml:14:9-90
117-->[com.paypal.sdk:paypal-android-sdk:2.16.0] AndroidManifest.xml:14:19-87
118        <activity android:name="com.paypal.android.sdk.payments.PaymentConfirmActivity" />
118-->[com.paypal.sdk:paypal-android-sdk:2.16.0] AndroidManifest.xml:15:9-91
118-->[com.paypal.sdk:paypal-android-sdk:2.16.0] AndroidManifest.xml:15:19-88
119        <activity android:name="com.paypal.android.sdk.payments.LoginActivity" />
119-->[com.paypal.sdk:paypal-android-sdk:2.16.0] AndroidManifest.xml:16:9-82
119-->[com.paypal.sdk:paypal-android-sdk:2.16.0] AndroidManifest.xml:16:19-79
120        <activity android:name="com.paypal.android.sdk.payments.PayPalFuturePaymentActivity" />
120-->[com.paypal.sdk:paypal-android-sdk:2.16.0] AndroidManifest.xml:17:9-96
120-->[com.paypal.sdk:paypal-android-sdk:2.16.0] AndroidManifest.xml:17:19-93
121        <activity android:name="com.paypal.android.sdk.payments.FuturePaymentConsentActivity" />
121-->[com.paypal.sdk:paypal-android-sdk:2.16.0] AndroidManifest.xml:18:9-97
121-->[com.paypal.sdk:paypal-android-sdk:2.16.0] AndroidManifest.xml:18:19-94
122        <activity android:name="com.paypal.android.sdk.payments.FuturePaymentInfoActivity" />
122-->[com.paypal.sdk:paypal-android-sdk:2.16.0] AndroidManifest.xml:19:9-94
122-->[com.paypal.sdk:paypal-android-sdk:2.16.0] AndroidManifest.xml:19:19-91
123        <activity android:name="com.paypal.android.sdk.payments.PayPalProfileSharingActivity" />
123-->[com.paypal.sdk:paypal-android-sdk:2.16.0] AndroidManifest.xml:20:9-97
123-->[com.paypal.sdk:paypal-android-sdk:2.16.0] AndroidManifest.xml:20:19-94
124        <activity android:name="com.paypal.android.sdk.payments.ProfileSharingConsentActivity" />
124-->[com.paypal.sdk:paypal-android-sdk:2.16.0] AndroidManifest.xml:21:9-98
124-->[com.paypal.sdk:paypal-android-sdk:2.16.0] AndroidManifest.xml:21:19-95
125
126        <service
126-->[com.paypal.sdk:paypal-android-sdk:2.16.0] AndroidManifest.xml:23:9-25:40
127            android:name="com.paypal.android.sdk.payments.PayPalService"
127-->[com.paypal.sdk:paypal-android-sdk:2.16.0] AndroidManifest.xml:24:13-73
128            android:exported="false" />
128-->[com.paypal.sdk:paypal-android-sdk:2.16.0] AndroidManifest.xml:25:13-37
129        <!--
130             FirebaseMessagingService performs security checks at runtime,
131             but set to not exported to explicitly avoid allowing another app to call it.
132        -->
133        <service
133-->[com.google.firebase:firebase-messaging:20.1.2] AndroidManifest.xml:28:9-34:19
134            android:name="com.google.firebase.messaging.FirebaseMessagingService"
134-->[com.google.firebase:firebase-messaging:20.1.2] AndroidManifest.xml:29:13-82
135            android:exported="false" >
135-->[com.google.firebase:firebase-messaging:20.1.2] AndroidManifest.xml:30:13-37
136            <intent-filter android:priority="-500" >
136-->src/main/AndroidManifest.xml:37:13-39:29
137                <action android:name="com.google.firebase.MESSAGING_EVENT" />
137-->src/main/AndroidManifest.xml:38:17-78
137-->src/main/AndroidManifest.xml:38:25-75
138            </intent-filter>
139        </service>
140
141        <receiver
141-->[com.google.android.gms:play-services-measurement:17.2.3] AndroidManifest.xml:29:9-33:20
142            android:name="com.google.android.gms.measurement.AppMeasurementReceiver"
142-->[com.google.android.gms:play-services-measurement:17.2.3] AndroidManifest.xml:30:13-85
143            android:enabled="true"
143-->[com.google.android.gms:play-services-measurement:17.2.3] AndroidManifest.xml:31:13-35
144            android:exported="false" >
144-->[com.google.android.gms:play-services-measurement:17.2.3] AndroidManifest.xml:32:13-37
145        </receiver>
146        <receiver
146-->[com.google.android.gms:play-services-measurement:17.2.3] AndroidManifest.xml:34:9-42:20
147            android:name="com.google.android.gms.measurement.AppMeasurementInstallReferrerReceiver"
147-->[com.google.android.gms:play-services-measurement:17.2.3] AndroidManifest.xml:35:13-100
148            android:enabled="true"
148-->[com.google.android.gms:play-services-measurement:17.2.3] AndroidManifest.xml:36:13-35
149            android:exported="true"
149-->[com.google.android.gms:play-services-measurement:17.2.3] AndroidManifest.xml:37:13-36
150            android:permission="android.permission.INSTALL_PACKAGES" >
150-->[com.google.android.gms:play-services-measurement:17.2.3] AndroidManifest.xml:38:13-69
151            <intent-filter>
151-->[com.google.android.gms:play-services-measurement:17.2.3] AndroidManifest.xml:39:13-41:29
152                <action android:name="com.android.vending.INSTALL_REFERRER" />
152-->[com.google.android.gms:play-services-measurement:17.2.3] AndroidManifest.xml:40:17-79
152-->[com.google.android.gms:play-services-measurement:17.2.3] AndroidManifest.xml:40:25-76
153            </intent-filter>
154        </receiver>
155
156        <service
156-->[com.google.android.gms:play-services-measurement:17.2.3] AndroidManifest.xml:44:9-47:40
157            android:name="com.google.android.gms.measurement.AppMeasurementService"
157-->[com.google.android.gms:play-services-measurement:17.2.3] AndroidManifest.xml:45:13-84
158            android:enabled="true"
158-->[com.google.android.gms:play-services-measurement:17.2.3] AndroidManifest.xml:46:13-35
159            android:exported="false" />
159-->[com.google.android.gms:play-services-measurement:17.2.3] AndroidManifest.xml:47:13-37
160        <service
160-->[com.google.android.gms:play-services-measurement:17.2.3] AndroidManifest.xml:48:9-52:72
161            android:name="com.google.android.gms.measurement.AppMeasurementJobService"
161-->[com.google.android.gms:play-services-measurement:17.2.3] AndroidManifest.xml:49:13-87
162            android:enabled="true"
162-->[com.google.android.gms:play-services-measurement:17.2.3] AndroidManifest.xml:50:13-35
163            android:exported="false"
163-->[com.google.android.gms:play-services-measurement:17.2.3] AndroidManifest.xml:51:13-37
164            android:permission="android.permission.BIND_JOB_SERVICE" />
164-->[com.google.android.gms:play-services-measurement:17.2.3] AndroidManifest.xml:52:13-69
165
166        <receiver
166-->[com.google.firebase:firebase-iid:20.1.1] AndroidManifest.xml:37:9-44:20
167            android:name="com.google.firebase.iid.FirebaseInstanceIdReceiver"
167-->[com.google.firebase:firebase-iid:20.1.1] AndroidManifest.xml:38:13-78
168            android:exported="true"
168-->[com.google.firebase:firebase-iid:20.1.1] AndroidManifest.xml:39:13-36
169            android:permission="com.google.android.c2dm.permission.SEND" >
169-->[com.google.firebase:firebase-iid:20.1.1] AndroidManifest.xml:40:13-73
170            <intent-filter>
170-->[com.google.firebase:firebase-iid:20.1.1] AndroidManifest.xml:41:13-43:29
171                <action android:name="com.google.android.c2dm.intent.RECEIVE" />
171-->[com.google.firebase:firebase-iid:20.1.1] AndroidManifest.xml:42:17-81
171-->[com.google.firebase:firebase-iid:20.1.1] AndroidManifest.xml:42:25-78
172            </intent-filter>
173        </receiver> <!-- Needs to be explicitly declared on P+ -->
174        <uses-library
174-->[com.google.android.gms:play-services-maps:17.0.0] AndroidManifest.xml:33:9-35:40
175            android:name="org.apache.http.legacy"
175-->[com.google.android.gms:play-services-maps:17.0.0] AndroidManifest.xml:34:13-50
176            android:required="false" />
176-->[com.google.android.gms:play-services-maps:17.0.0] AndroidManifest.xml:35:13-37
177
178        <activity
178-->[com.google.android.gms:play-services-base:17.1.0] AndroidManifest.xml:23:9-26:75
179            android:name="com.google.android.gms.common.api.GoogleApiActivity"
179-->[com.google.android.gms:play-services-base:17.1.0] AndroidManifest.xml:24:13-79
180            android:exported="false"
180-->[com.google.android.gms:play-services-base:17.1.0] AndroidManifest.xml:25:13-37
181            android:theme="@android:style/Theme.Translucent.NoTitleBar" />
181-->[com.google.android.gms:play-services-base:17.1.0] AndroidManifest.xml:26:13-72
182
183        <provider
183-->[com.google.firebase:firebase-common:19.3.0] AndroidManifest.xml:26:9-30:39
184            android:name="com.google.firebase.provider.FirebaseInitProvider"
184-->[com.google.firebase:firebase-common:19.3.0] AndroidManifest.xml:27:13-77
185            android:authorities="pmd.di.ubi.pt.projectofinal.firebaseinitprovider"
185-->[com.google.firebase:firebase-common:19.3.0] AndroidManifest.xml:28:13-72
186            android:exported="false"
186-->[com.google.firebase:firebase-common:19.3.0] AndroidManifest.xml:29:13-37
187            android:initOrder="100" />
187-->[com.google.firebase:firebase-common:19.3.0] AndroidManifest.xml:30:13-36
188
189        <meta-data
189-->[com.google.android.gms:play-services-basement:17.0.0] AndroidManifest.xml:23:9-25:69
190            android:name="com.google.android.gms.version"
190-->[com.google.android.gms:play-services-basement:17.0.0] AndroidManifest.xml:24:13-58
191            android:value="@integer/google_play_services_version" />
191-->[com.google.android.gms:play-services-basement:17.0.0] AndroidManifest.xml:25:13-66
192
193        <provider
193-->[androidx.lifecycle:lifecycle-process:2.2.0] AndroidManifest.xml:25:9-29:43
194            android:name="androidx.lifecycle.ProcessLifecycleOwnerInitializer"
194-->[androidx.lifecycle:lifecycle-process:2.2.0] AndroidManifest.xml:26:13-79
195            android:authorities="pmd.di.ubi.pt.projectofinal.lifecycle-process"
195-->[androidx.lifecycle:lifecycle-process:2.2.0] AndroidManifest.xml:27:13-69
196            android:exported="false"
196-->[androidx.lifecycle:lifecycle-process:2.2.0] AndroidManifest.xml:28:13-37
197            android:multiprocess="true" />
197-->[androidx.lifecycle:lifecycle-process:2.2.0] AndroidManifest.xml:29:13-40
198
199        <service
199-->[com.google.android.datatransport:transport-backend-cct:2.2.0] AndroidManifest.xml:29:9-35:19
200            android:name="com.google.android.datatransport.runtime.backends.TransportBackendDiscovery"
200-->[com.google.android.datatransport:transport-backend-cct:2.2.0] AndroidManifest.xml:30:13-103
201            android:exported="false" >
201-->[com.google.android.datatransport:transport-backend-cct:2.2.0] AndroidManifest.xml:31:13-37
202            <meta-data
202-->[com.google.android.datatransport:transport-backend-cct:2.2.0] AndroidManifest.xml:32:13-34:39
203                android:name="backend:com.google.android.datatransport.cct.CctBackendFactory"
203-->[com.google.android.datatransport:transport-backend-cct:2.2.0] AndroidManifest.xml:33:17-94
204                android:value="cct" />
204-->[com.google.android.datatransport:transport-backend-cct:2.2.0] AndroidManifest.xml:34:17-36
205        </service>
206        <service
206-->[com.google.android.datatransport:transport-runtime:2.2.0] AndroidManifest.xml:26:9-30:19
207            android:name="com.google.android.datatransport.runtime.scheduling.jobscheduling.JobInfoSchedulerService"
207-->[com.google.android.datatransport:transport-runtime:2.2.0] AndroidManifest.xml:27:13-117
208            android:exported="false"
208-->[com.google.android.datatransport:transport-runtime:2.2.0] AndroidManifest.xml:28:13-37
209            android:permission="android.permission.BIND_JOB_SERVICE" >
209-->[com.google.android.datatransport:transport-runtime:2.2.0] AndroidManifest.xml:29:13-69
210        </service>
211
212        <receiver
212-->[com.google.android.datatransport:transport-runtime:2.2.0] AndroidManifest.xml:32:9-34:40
213            android:name="com.google.android.datatransport.runtime.scheduling.jobscheduling.AlarmManagerSchedulerBroadcastReceiver"
213-->[com.google.android.datatransport:transport-runtime:2.2.0] AndroidManifest.xml:33:13-132
214            android:exported="false" />
214-->[com.google.android.datatransport:transport-runtime:2.2.0] AndroidManifest.xml:34:13-37
215
216        <activity
216-->[io.card:android-sdk:5.5.1] AndroidManifest.xml:20:9-22:66
217            android:name="io.card.payment.CardIOActivity"
217-->[io.card:android-sdk:5.5.1] AndroidManifest.xml:21:13-58
218            android:configChanges="keyboardHidden|orientation" />
218-->[io.card:android-sdk:5.5.1] AndroidManifest.xml:22:13-63
219        <activity android:name="io.card.payment.DataEntryActivity" />
219-->[io.card:android-sdk:5.5.1] AndroidManifest.xml:23:9-70
219-->[io.card:android-sdk:5.5.1] AndroidManifest.xml:23:19-67
220    </application>
221
222</manifest>